<?xml version="1.0" encoding="UTF-8"?>
<testng-results retried="1" ignored="0" total="18" passed="17" failed="0" skipped="0">
  <reporter-output>
  </reporter-output>
  <suite started-at="2021-02-23T19:56:41 IST" name="Functional Testing" finished-at="2021-02-23T19:58:33 IST" duration-ms="112383">
    <groups>
    </groups>
    <test started-at="2021-02-23T19:56:41 IST" name="test" finished-at="2021-02-23T19:58:33 IST" duration-ms="112383">
      <class name="testScenarios.test">
        <test-method is-config="true" signature="driverConfig()[pri:0, instance:testScenarios.test@197d671]" started-at="2021-02-23T19:56:41 IST" name="driverConfig" finished-at="2021-02-23T19:57:05 IST" duration-ms="23971" status="PASS">
          <reporter-output>
          </reporter-output>
        </test-method> <!-- driverConfig -->
        <test-method signature="readData()[pri:0, instance:testScenarios.test@197d671]" started-at="2021-02-23T19:57:05 IST" name="readData" finished-at="2021-02-23T19:57:06 IST" duration-ms="1130" status="PASS">
          <reporter-output>
          </reporter-output>
        </test-method> <!-- readData -->
        <test-method signature="selectDestination()[pri:1, instance:testScenarios.test@197d671]" started-at="2021-02-23T19:57:06 IST" name="selectDestination" finished-at="2021-02-23T19:57:39 IST" duration-ms="32541" status="PASS">
          <reporter-output>
          </reporter-output>
        </test-method> <!-- selectDestination -->
        <test-method signature="checkInDate()[pri:2, instance:testScenarios.test@197d671]" started-at="2021-02-23T19:57:39 IST" name="checkInDate" finished-at="2021-02-23T19:57:41 IST" duration-ms="2939" status="PASS">
          <reporter-output>
          </reporter-output>
        </test-method> <!-- checkInDate -->
        <test-method signature="checkOutDate()[pri:3, instance:testScenarios.test@197d671]" started-at="2021-02-23T19:57:41 IST" name="checkOutDate" finished-at="2021-02-23T19:57:42 IST" duration-ms="534" status="PASS">
          <reporter-output>
          </reporter-output>
        </test-method> <!-- checkOutDate -->
        <test-method signature="setGuest()[pri:4, instance:testScenarios.test@197d671]" started-at="2021-02-23T19:57:42 IST" name="setGuest" finished-at="2021-02-23T19:57:43 IST" duration-ms="910" status="PASS">
          <reporter-output>
          </reporter-output>
        </test-method> <!-- setGuest -->
        <test-method retried="true" signature="sortBy()[pri:5, instance:testScenarios.test@197d671]" started-at="2021-02-23T19:57:43 IST" name="sortBy" finished-at="2021-02-23T19:57:45 IST" duration-ms="2458" status="SKIP">
          <exception class="org.openqa.selenium.ElementClickInterceptedException">
            <message>
              <![CDATA[element click intercepted: Element <div class="_1wuPwxoN">...</div> is not clickable at point (1203, 349). Other element would receive the click: <div class="_3Sb-DGhT undefined">...</div>
  (Session info: chrome=88.0.4324.182)
Build info: version: '3.141.59', revision: 'e82be7d358', time: '2018-11-14T08:17:03'
System info: host: 'LAPTOP-MS3K04SB', ip: '192.168.1.100', os.name: 'Windows 10', os.arch: 'amd64', os.version: '10.0', java.version: '15.0.1'
Driver info: org.openqa.selenium.chrome.ChromeDriver
Capabilities {acceptInsecureCerts: false, browserName: chrome, browserVersion: 88.0.4324.182, chrome: {chromedriverVersion: 87.0.4280.88 (89e2380a3e36c..., userDataDir: C:\Users\ugosw\AppData\Loca...}, goog:chromeOptions: {debuggerAddress: localhost:61337}, javascriptEnabled: true, networkConnectionEnabled: false, pageLoadStrategy: normal, platform: WINDOWS, platformName: WINDOWS, proxy: Proxy(), setWindowRect: true, strictFileInteractability: false, timeouts: {implicit: 0, pageLoad: 300000, script: 30000}, unhandledPromptBehavior: dismiss and notify, webauthn:virtualAuthenticators: true}
Session ID: 533ef218d32d397ba6e2afaf46d98a88]]>
            </message>
            <full-stacktrace>
              <![CDATA[org.openqa.selenium.ElementClickInterceptedException: element click intercepted: Element <div class="_1wuPwxoN">...</div> is not clickable at point (1203, 349). Other element would receive the click: <div class="_3Sb-DGhT undefined">...</div>
  (Session info: chrome=88.0.4324.182)
Build info: version: '3.141.59', revision: 'e82be7d358', time: '2018-11-14T08:17:03'
System info: host: 'LAPTOP-MS3K04SB', ip: '192.168.1.100', os.name: 'Windows 10', os.arch: 'amd64', os.version: '10.0', java.version: '15.0.1'
Driver info: org.openqa.selenium.chrome.ChromeDriver
Capabilities {acceptInsecureCerts: false, browserName: chrome, browserVersion: 88.0.4324.182, chrome: {chromedriverVersion: 87.0.4280.88 (89e2380a3e36c..., userDataDir: C:\Users\ugosw\AppData\Loca...}, goog:chromeOptions: {debuggerAddress: localhost:61337}, javascriptEnabled: true, networkConnectionEnabled: false, pageLoadStrategy: normal, platform: WINDOWS, platformName: WINDOWS, proxy: Proxy(), setWindowRect: true, strictFileInteractability: false, timeouts: {implicit: 0, pageLoad: 300000, script: 30000}, unhandledPromptBehavior: dismiss and notify, webauthn:virtualAuthenticators: true}
Session ID: 533ef218d32d397ba6e2afaf46d98a88
at java.base/jdk.internal.reflect.NativeConstructorAccessorImpl.newInstance0(Native Method)
at java.base/jdk.internal.reflect.NativeConstructorAccessorImpl.newInstance(NativeConstructorAccessorImpl.java:64)
at java.base/jdk.internal.reflect.DelegatingConstructorAccessorImpl.newInstance(DelegatingConstructorAccessorImpl.java:45)
at java.base/java.lang.reflect.Constructor.newInstanceWithCaller(Constructor.java:500)
at java.base/java.lang.reflect.Constructor.newInstance(Constructor.java:481)
at org.openqa.selenium.remote.http.W3CHttpResponseCodec.createException(W3CHttpResponseCodec.java:187)
at org.openqa.selenium.remote.http.W3CHttpResponseCodec.decode(W3CHttpResponseCodec.java:122)
at org.openqa.selenium.remote.http.W3CHttpResponseCodec.decode(W3CHttpResponseCodec.java:49)
at org.openqa.selenium.remote.HttpCommandExecutor.execute(HttpCommandExecutor.java:158)
at org.openqa.selenium.remote.service.DriverCommandExecutor.execute(DriverCommandExecutor.java:83)
at org.openqa.selenium.remote.RemoteWebDriver.execute(RemoteWebDriver.java:552)
at org.openqa.selenium.remote.RemoteWebElement.execute(RemoteWebElement.java:285)
at org.openqa.selenium.remote.RemoteWebElement.click(RemoteWebElement.java:84)
at java.base/jdk.internal.reflect.NativeMethodAccessorImpl.invoke0(Native Method)
at java.base/jdk.internal.reflect.NativeMethodAccessorImpl.invoke(NativeMethodAccessorImpl.java:64)
at java.base/jdk.internal.reflect.DelegatingMethodAccessorImpl.invoke(DelegatingMethodAccessorImpl.java:43)
at java.base/java.lang.reflect.Method.invoke(Method.java:564)
at org.openqa.selenium.support.pagefactory.internal.LocatingElementHandler.invoke(LocatingElementHandler.java:51)
at com.sun.proxy.$Proxy8.click(Unknown Source)
at testObjectRepository.HolidayHomesPage.sortByDropdown(HolidayHomesPage.java:108)
at testScenarios.test.sortBy(test.java:71)
at java.base/jdk.internal.reflect.NativeMethodAccessorImpl.invoke0(Native Method)
at java.base/jdk.internal.reflect.NativeMethodAccessorImpl.invoke(NativeMethodAccessorImpl.java:64)
at java.base/jdk.internal.reflect.DelegatingMethodAccessorImpl.invoke(DelegatingMethodAccessorImpl.java:43)
at java.base/java.lang.reflect.Method.invoke(Method.java:564)
at org.testng.internal.MethodInvocationHelper.invokeMethod(MethodInvocationHelper.java:132)
at org.testng.internal.TestInvoker.invokeMethod(TestInvoker.java:599)
at org.testng.internal.TestInvoker.invokeTestMethod(TestInvoker.java:174)
at org.testng.internal.MethodRunner.runInSequence(MethodRunner.java:46)
at org.testng.internal.TestInvoker$MethodInvocationAgent.invoke(TestInvoker.java:822)
at org.testng.internal.TestInvoker.invokeTestMethods(TestInvoker.java:147)
at org.testng.internal.TestMethodWorker.invokeTestMethods(TestMethodWorker.java:146)
at org.testng.internal.TestMethodWorker.run(TestMethodWorker.java:128)
at java.base/java.util.ArrayList.forEach(ArrayList.java:1511)
at org.testng.TestRunner.privateRun(TestRunner.java:764)
at org.testng.TestRunner.run(TestRunner.java:585)
at org.testng.SuiteRunner.runTest(SuiteRunner.java:384)
at org.testng.SuiteRunner.runSequentially(SuiteRunner.java:378)
at org.testng.SuiteRunner.privateRun(SuiteRunner.java:337)
at org.testng.SuiteRunner.run(SuiteRunner.java:286)
at org.testng.SuiteRunnerWorker.runSuite(SuiteRunnerWorker.java:53)
at org.testng.SuiteRunnerWorker.run(SuiteRunnerWorker.java:96)
at org.testng.TestNG.runSuitesSequentially(TestNG.java:1218)
at org.testng.TestNG.runSuitesLocally(TestNG.java:1140)
at org.testng.TestNG.runSuites(TestNG.java:1069)
at org.testng.TestNG.run(TestNG.java:1037)
at org.apache.maven.surefire.testng.TestNGExecutor.run(TestNGExecutor.java:284)
at org.apache.maven.surefire.testng.TestNGXmlTestSuite.execute(TestNGXmlTestSuite.java:75)
at org.apache.maven.surefire.testng.TestNGProvider.invoke(TestNGProvider.java:119)
at org.apache.maven.surefire.booter.ForkedBooter.runSuitesInProcess(ForkedBooter.java:428)
at org.apache.maven.surefire.booter.ForkedBooter.execute(ForkedBooter.java:162)
at org.apache.maven.surefire.booter.ForkedBooter.run(ForkedBooter.java:562)
at org.apache.maven.surefire.booter.ForkedBooter.main(ForkedBooter.java:548)
]]>
            </full-stacktrace>
          </exception> <!-- org.openqa.selenium.ElementClickInterceptedException -->
          <reporter-output>
          </reporter-output>
        </test-method> <!-- sortBy -->
        <test-method signature="sortBy()[pri:5, instance:testScenarios.test@197d671]" started-at="2021-02-23T19:57:46 IST" name="sortBy" finished-at="2021-02-23T19:57:56 IST" duration-ms="10724" status="PASS">
          <reporter-output>
          </reporter-output>
        </test-method> <!-- sortBy -->
        <test-method signature="liftAccess()[pri:6, instance:testScenarios.test@197d671]" started-at="2021-02-23T19:57:56 IST" name="liftAccess" finished-at="2021-02-23T19:57:57 IST" duration-ms="207" status="PASS">
          <reporter-output>
          </reporter-output>
        </test-method> <!-- liftAccess -->
        <test-method signature="hotelNames()[pri:7, instance:testScenarios.test@197d671]" started-at="2021-02-23T19:57:57 IST" name="hotelNames" finished-at="2021-02-23T19:58:02 IST" duration-ms="5257" status="PASS">
          <reporter-output>
          </reporter-output>
        </test-method> <!-- hotelNames -->
        <test-method signature="totalPrice()[pri:8, instance:testScenarios.test@197d671]" started-at="2021-02-23T19:58:02 IST" name="totalPrice" finished-at="2021-02-23T19:58:02 IST" duration-ms="226" status="PASS">
          <reporter-output>
          </reporter-output>
        </test-method> <!-- totalPrice -->
        <test-method signature="pricePerNight()[pri:9, instance:testScenarios.test@197d671]" started-at="2021-02-23T19:58:02 IST" name="pricePerNight" finished-at="2021-02-23T19:58:02 IST" duration-ms="189" status="PASS">
          <reporter-output>
          </reporter-output>
        </test-method> <!-- pricePerNight -->
        <test-method signature="cruises()[pri:10, instance:testScenarios.test@197d671]" started-at="2021-02-23T19:58:02 IST" name="cruises" finished-at="2021-02-23T19:58:16 IST" duration-ms="13850" status="PASS">
          <reporter-output>
          </reporter-output>
        </test-method> <!-- cruises -->
        <test-method signature="cruiseLine()[pri:11, instance:testScenarios.test@197d671]" started-at="2021-02-23T19:58:16 IST" name="cruiseLine" finished-at="2021-02-23T19:58:20 IST" duration-ms="3765" status="PASS">
          <reporter-output>
          </reporter-output>
        </test-method> <!-- cruiseLine -->
        <test-method signature="cruiseShip()[pri:12, instance:testScenarios.test@197d671]" started-at="2021-02-23T19:58:20 IST" name="cruiseShip" finished-at="2021-02-23T19:58:23 IST" duration-ms="3545" status="PASS">
          <reporter-output>
          </reporter-output>
        </test-method> <!-- cruiseShip -->
        <test-method signature="changeWindow()[pri:13, instance:testScenarios.test@197d671]" started-at="2021-02-23T19:58:23 IST" name="changeWindow" finished-at="2021-02-23T19:58:33 IST" duration-ms="9555" status="PASS">
          <reporter-output>
          </reporter-output>
        </test-method> <!-- changeWindow -->
        <test-method signature="PassengerCrewValue()[pri:14, instance:testScenarios.test@197d671]" started-at="2021-02-23T19:58:33 IST" name="PassengerCrewValue" finished-at="2021-02-23T19:58:33 IST" duration-ms="40" status="PASS">
          <reporter-output>
          </reporter-output>
        </test-method> <!-- PassengerCrewValue -->
        <test-method signature="launchedYearValue()[pri:15, instance:testScenarios.test@197d671]" started-at="2021-02-23T19:58:33 IST" name="launchedYearValue" finished-at="2021-02-23T19:58:33 IST" duration-ms="51" status="PASS">
          <reporter-output>
          </reporter-output>
        </test-method> <!-- launchedYearValue -->
        <test-method signature="languageValue()[pri:16, instance:testScenarios.test@197d671]" started-at="2021-02-23T19:58:33 IST" name="languageValue" finished-at="2021-02-23T19:58:33 IST" duration-ms="143" status="PASS">
          <reporter-output>
          </reporter-output>
        </test-method> <!-- languageValue -->
      </class> <!-- testScenarios.test -->
    </test> <!-- test -->
  </suite> <!-- Functional Testing -->
</testng-results>
