<?xml version="1.0" encoding="UTF-8"?>
<testsuite xmlns:xsi="http://www.w3.org/2001/XMLSchema-instance" xsi:noNamespaceSchemaLocation="https://maven.apache.org/surefire/maven-surefire-plugin/xsd/surefire-test-report-3.0.xsd" version="3.0" name="TestSuite" time="115.504" tests="18" errors="0" skipped="1" failures="0">
  <properties>
[...]
</properties>
  <testcase name="readData" classname="testScenarios.test" time="1.109">
    <system-out><![CDATA[Nairobi
15-Dec-2021
20-Dec-2021
Traveller Rating
4.0
3.0
A-ROSA Cruises
Bella
]]></system-out>
    <system-err><![CDATA[Starting ChromeDriver 87.0.4280.88 (89e2380a3e36c3464b5dd1302349b1382549290d-refs/branch-heads/4280@{#1761}) on port 38581
Only local connections are allowed.
Please see https://chromedriver.chromium.org/security-considerations for suggestions on keeping ChromeDriver safe.
ChromeDriver was started successfully.
[1614090404.540][WARNING]: This version of ChromeDriver has not been tested with Chrome version 88.
Feb 23, 2021 7:56:46 PM org.openqa.selenium.remote.ProtocolHandshake createSession
INFO: Detected dialect: W3C
]]></system-err>
  </testcase>
  <testcase name="selectDestination" classname="testScenarios.test" time="32.541"/>
  <testcase name="checkInDate" classname="testScenarios.test" time="2.939"/>
  <testcase name="checkOutDate" classname="testScenarios.test" time="0.535"/>
  <testcase name="setGuest" classname="testScenarios.test" time="0.909"/>
  <testcase name="sortBy" classname="testScenarios.test" time="0">
    <skipped message="element click intercepted: Element &lt;div class=&quot;_1wuPwxoN&quot;&gt;...&lt;/div&gt; is not clickable at point (1203, 349). Other element would receive the click: &lt;div class=&quot;_3Sb-DGhT undefined&quot;&gt;...&lt;/div&gt;&#10;  (Session info: chrome=88.0.4324.182)&#10;Build info: version: &apos;3.141.59&apos;, revision: &apos;e82be7d358&apos;, time: &apos;2018-11-14T08:17:03&apos;&#10;System info: host: &apos;LAPTOP-MS3K04SB&apos;, ip: &apos;192.168.1.100&apos;, os.name: &apos;Windows 10&apos;, os.arch: &apos;amd64&apos;, os.version: &apos;10.0&apos;, java.version: &apos;15.0.1&apos;&#10;Driver info: org.openqa.selenium.chrome.ChromeDriver&#10;Capabilities {acceptInsecureCerts: false, browserName: chrome, browserVersion: 88.0.4324.182, chrome: {chromedriverVersion: 87.0.4280.88 (89e2380a3e36c..., userDataDir: C:\Users\ugosw\AppData\Loca...}, goog:chromeOptions: {debuggerAddress: localhost:61337}, javascriptEnabled: true, networkConnectionEnabled: false, pageLoadStrategy: normal, platform: WINDOWS, platformName: WINDOWS, proxy: Proxy(), setWindowRect: true, strictFileInteractability: false, timeouts: {implicit: 0, pageLoad: 300000, script: 30000}, unhandledPromptBehavior: dismiss and notify, webauthn:virtualAuthenticators: true}&#10;Session ID: 533ef218d32d397ba6e2afaf46d98a88"/>
    <system-out><![CDATA[Retrying sortBy again and the count is 1
]]></system-out>
  </testcase>
  <testcase name="sortBy" classname="testScenarios.test" time="10.723"/>
  <testcase name="liftAccess" classname="testScenarios.test" time="0.206"/>
  <testcase name="hotelNames" classname="testScenarios.test" time="5.261">
    <system-out><![CDATA[Elegant Cosy Conquest
City/River View Retreat in the Heart of Westlands
Holiday Apartment 5 Rooms Junction Mall Nairobi
]]></system-out>
  </testcase>
  <testcase name="totalPrice" classname="testScenarios.test" time="0.223">
    <system-out><![CDATA[41,503 / 5 nights
29,882 / 5 nights
45,653 / 5 nights
]]></system-out>
  </testcase>
  <testcase name="pricePerNight" classname="testScenarios.test" time="0.189">
    <system-out><![CDATA[8,300
5,976
9,130
]]></system-out>
  </testcase>
  <testcase name="cruises" classname="testScenarios.test" time="13.849"/>
  <testcase name="cruiseLine" classname="testScenarios.test" time="3.765"/>
  <testcase name="cruiseShip" classname="testScenarios.test" time="3.546"/>
  <testcase name="changeWindow" classname="testScenarios.test" time="9.556">
    <system-out><![CDATA[A-ROSA Bella - Deck Plans, Reviews & Pictures - Tripadvisor
]]></system-out>
  </testcase>
  <testcase name="PassengerCrewValue" classname="testScenarios.test" time="0.041">
    <system-out><![CDATA[242	50
]]></system-out>
  </testcase>
  <testcase name="launchedYearValue" classname="testScenarios.test" time="0.05">
    <system-out><![CDATA[2002   
]]></system-out>
  </testcase>
  <testcase name="languageValue" classname="testScenarios.test" time="0.143">
    <system-out><![CDATA[All languages
English
]]></system-out>
  </testcase>
</testsuite>