<?xml version="1.0" encoding="UTF-8"?>
<testng-results ignored="51" total="68" passed="17" failed="0" skipped="0">
  <reporter-output>
  </reporter-output>
  <suite started-at="2021-02-24T23:30:45 IST" name="Functional Testing" finished-at="2021-02-24T23:33:19 IST" duration-ms="154002">
    <groups>
      <group name="Regression Test One">
        <method signature="TripAdvisorTestScenarios.hotelNames()[pri:7, instance:testScenarios.TripAdvisorTestScenarios@865dd6]" name="hotelNames" class="testScenarios.TripAdvisorTestScenarios"/>
        <method signature="TripAdvisorTestScenarios.liftAccess()[pri:6, instance:testScenarios.TripAdvisorTestScenarios@865dd6]" name="liftAccess" class="testScenarios.TripAdvisorTestScenarios"/>
        <method signature="TripAdvisorTestScenarios.pricePerNight()[pri:9, instance:testScenarios.TripAdvisorTestScenarios@865dd6]" name="pricePerNight" class="testScenarios.TripAdvisorTestScenarios"/>
        <method signature="TripAdvisorTestScenarios.sortBy()[pri:5, instance:testScenarios.TripAdvisorTestScenarios@865dd6]" name="sortBy" class="testScenarios.TripAdvisorTestScenarios"/>
        <method signature="TripAdvisorTestScenarios.totalPrice()[pri:8, instance:testScenarios.TripAdvisorTestScenarios@865dd6]" name="totalPrice" class="testScenarios.TripAdvisorTestScenarios"/>
      </group> <!-- Regression Test One -->
      <group name="Smoke Test Two">
        <method signature="TripAdvisorTestScenarios.changeWindow()[pri:13, instance:testScenarios.TripAdvisorTestScenarios@2abf4075]" name="changeWindow" class="testScenarios.TripAdvisorTestScenarios"/>
        <method signature="TripAdvisorTestScenarios.cruiseLine()[pri:11, instance:testScenarios.TripAdvisorTestScenarios@2abf4075]" name="cruiseLine" class="testScenarios.TripAdvisorTestScenarios"/>
        <method signature="TripAdvisorTestScenarios.cruiseShip()[pri:12, instance:testScenarios.TripAdvisorTestScenarios@2abf4075]" name="cruiseShip" class="testScenarios.TripAdvisorTestScenarios"/>
        <method signature="TripAdvisorTestScenarios.cruises()[pri:10, instance:testScenarios.TripAdvisorTestScenarios@2abf4075]" name="cruises" class="testScenarios.TripAdvisorTestScenarios"/>
      </group> <!-- Smoke Test Two -->
      <group name="Smoke Test One">
        <method signature="TripAdvisorTestScenarios.checkInDate()[pri:2, instance:testScenarios.TripAdvisorTestScenarios@53aad5d5]" name="checkInDate" class="testScenarios.TripAdvisorTestScenarios"/>
        <method signature="TripAdvisorTestScenarios.checkOutDate()[pri:3, instance:testScenarios.TripAdvisorTestScenarios@53aad5d5]" name="checkOutDate" class="testScenarios.TripAdvisorTestScenarios"/>
        <method signature="TripAdvisorTestScenarios.readData()[pri:0, instance:testScenarios.TripAdvisorTestScenarios@53aad5d5]" name="readData" class="testScenarios.TripAdvisorTestScenarios"/>
        <method signature="TripAdvisorTestScenarios.selectDestination()[pri:1, instance:testScenarios.TripAdvisorTestScenarios@53aad5d5]" name="selectDestination" class="testScenarios.TripAdvisorTestScenarios"/>
        <method signature="TripAdvisorTestScenarios.setGuest()[pri:4, instance:testScenarios.TripAdvisorTestScenarios@53aad5d5]" name="setGuest" class="testScenarios.TripAdvisorTestScenarios"/>
      </group> <!-- Smoke Test One -->
      <group name="Regression Test Two">
        <method signature="TripAdvisorTestScenarios.PassengerCrewValue()[pri:14, instance:testScenarios.TripAdvisorTestScenarios@140c9f39]" name="PassengerCrewValue" class="testScenarios.TripAdvisorTestScenarios"/>
        <method signature="TripAdvisorTestScenarios.languageValue()[pri:16, instance:testScenarios.TripAdvisorTestScenarios@140c9f39]" name="languageValue" class="testScenarios.TripAdvisorTestScenarios"/>
        <method signature="TripAdvisorTestScenarios.launchedYearValue()[pri:15, instance:testScenarios.TripAdvisorTestScenarios@140c9f39]" name="launchedYearValue" class="testScenarios.TripAdvisorTestScenarios"/>
      </group> <!-- Regression Test Two -->
    </groups>
    <test started-at="2021-02-24T23:30:45 IST" name="Smoke Test One" finished-at="2021-02-24T23:32:05 IST" duration-ms="79435">
      <class name="testScenarios.TripAdvisorTestScenarios">
        <test-method is-config="true" signature="driverConfig()[pri:0, instance:testScenarios.TripAdvisorTestScenarios@53aad5d5]" started-at="2021-02-24T23:30:45 IST" name="driverConfig" finished-at="2021-02-24T23:31:09 IST" duration-ms="24211" status="PASS">
          <reporter-output>
          </reporter-output>
        </test-method> <!-- driverConfig -->
        <test-method signature="readData()[pri:0, instance:testScenarios.TripAdvisorTestScenarios@53aad5d5]" started-at="2021-02-24T23:31:09 IST" name="readData" finished-at="2021-02-24T23:31:31 IST" duration-ms="21880" status="PASS">
          <reporter-output>
          </reporter-output>
        </test-method> <!-- readData -->
        <test-method signature="selectDestination()[pri:1, instance:testScenarios.TripAdvisorTestScenarios@53aad5d5]" started-at="2021-02-24T23:31:31 IST" name="selectDestination" finished-at="2021-02-24T23:32:00 IST" duration-ms="28323" status="PASS">
          <reporter-output>
          </reporter-output>
        </test-method> <!-- selectDestination -->
        <test-method signature="checkInDate()[pri:2, instance:testScenarios.TripAdvisorTestScenarios@53aad5d5]" started-at="2021-02-24T23:32:00 IST" name="checkInDate" finished-at="2021-02-24T23:32:03 IST" duration-ms="3130" status="PASS">
          <reporter-output>
          </reporter-output>
        </test-method> <!-- checkInDate -->
        <test-method signature="checkOutDate()[pri:3, instance:testScenarios.TripAdvisorTestScenarios@53aad5d5]" started-at="2021-02-24T23:32:03 IST" name="checkOutDate" finished-at="2021-02-24T23:32:03 IST" duration-ms="590" status="PASS">
          <reporter-output>
          </reporter-output>
        </test-method> <!-- checkOutDate -->
        <test-method signature="setGuest()[pri:4, instance:testScenarios.TripAdvisorTestScenarios@53aad5d5]" started-at="2021-02-24T23:32:03 IST" name="setGuest" finished-at="2021-02-24T23:32:05 IST" duration-ms="1213" status="PASS">
          <reporter-output>
          </reporter-output>
        </test-method> <!-- setGuest -->
      </class> <!-- testScenarios.TripAdvisorTestScenarios -->
    </test> <!-- Smoke Test One -->
    <test started-at="2021-02-24T23:32:06 IST" name="Regression Test One" finished-at="2021-02-24T23:32:48 IST" duration-ms="41779">
      <class name="testScenarios.TripAdvisorTestScenarios">
        <test-method signature="sortBy()[pri:5, instance:testScenarios.TripAdvisorTestScenarios@865dd6]" started-at="2021-02-24T23:32:06 IST" name="sortBy" finished-at="2021-02-24T23:32:17 IST" duration-ms="11341" status="PASS">
          <reporter-output>
          </reporter-output>
        </test-method> <!-- sortBy -->
        <test-method signature="liftAccess()[pri:6, instance:testScenarios.TripAdvisorTestScenarios@865dd6]" started-at="2021-02-24T23:32:17 IST" name="liftAccess" finished-at="2021-02-24T23:32:19 IST" duration-ms="1580" status="PASS">
          <reporter-output>
          </reporter-output>
        </test-method> <!-- liftAccess -->
        <test-method signature="hotelNames()[pri:7, instance:testScenarios.TripAdvisorTestScenarios@865dd6]" started-at="2021-02-24T23:32:19 IST" name="hotelNames" finished-at="2021-02-24T23:32:45 IST" duration-ms="26292" status="PASS">
          <reporter-output>
          </reporter-output>
        </test-method> <!-- hotelNames -->
        <test-method signature="totalPrice()[pri:8, instance:testScenarios.TripAdvisorTestScenarios@865dd6]" started-at="2021-02-24T23:32:45 IST" name="totalPrice" finished-at="2021-02-24T23:32:46 IST" duration-ms="1336" status="PASS">
          <reporter-output>
          </reporter-output>
        </test-method> <!-- totalPrice -->
        <test-method signature="pricePerNight()[pri:9, instance:testScenarios.TripAdvisorTestScenarios@865dd6]" started-at="2021-02-24T23:32:46 IST" name="pricePerNight" finished-at="2021-02-24T23:32:48 IST" duration-ms="1220" status="PASS">
          <reporter-output>
          </reporter-output>
        </test-method> <!-- pricePerNight -->
      </class> <!-- testScenarios.TripAdvisorTestScenarios -->
    </test> <!-- Regression Test One -->
    <test started-at="2021-02-24T23:32:48 IST" name="Smoke Test Two" finished-at="2021-02-24T23:33:14 IST" duration-ms="26359">
      <class name="testScenarios.TripAdvisorTestScenarios">
        <test-method signature="cruises()[pri:10, instance:testScenarios.TripAdvisorTestScenarios@2abf4075]" started-at="2021-02-24T23:32:48 IST" name="cruises" finished-at="2021-02-24T23:32:55 IST" duration-ms="7331" status="PASS">
          <reporter-output>
          </reporter-output>
        </test-method> <!-- cruises -->
        <test-method signature="cruiseLine()[pri:11, instance:testScenarios.TripAdvisorTestScenarios@2abf4075]" started-at="2021-02-24T23:32:55 IST" name="cruiseLine" finished-at="2021-02-24T23:33:02 IST" duration-ms="6524" status="PASS">
          <reporter-output>
          </reporter-output>
        </test-method> <!-- cruiseLine -->
        <test-method signature="cruiseShip()[pri:12, instance:testScenarios.TripAdvisorTestScenarios@2abf4075]" started-at="2021-02-24T23:33:02 IST" name="cruiseShip" finished-at="2021-02-24T23:33:07 IST" duration-ms="5075" status="PASS">
          <reporter-output>
          </reporter-output>
        </test-method> <!-- cruiseShip -->
        <test-method signature="changeWindow()[pri:13, instance:testScenarios.TripAdvisorTestScenarios@2abf4075]" started-at="2021-02-24T23:33:07 IST" name="changeWindow" finished-at="2021-02-24T23:33:14 IST" duration-ms="7425" status="PASS">
          <reporter-output>
          </reporter-output>
        </test-method> <!-- changeWindow -->
      </class> <!-- testScenarios.TripAdvisorTestScenarios -->
    </test> <!-- Smoke Test Two -->
    <test started-at="2021-02-24T23:33:14 IST" name="Regression Test Two" finished-at="2021-02-24T23:33:19 IST" duration-ms="5044">
      <class name="testScenarios.TripAdvisorTestScenarios">
        <test-method signature="PassengerCrewValue()[pri:14, instance:testScenarios.TripAdvisorTestScenarios@140c9f39]" started-at="2021-02-24T23:33:14 IST" name="PassengerCrewValue" finished-at="2021-02-24T23:33:14 IST" duration-ms="304" status="PASS">
          <reporter-output>
          </reporter-output>
        </test-method> <!-- PassengerCrewValue -->
        <test-method signature="launchedYearValue()[pri:15, instance:testScenarios.TripAdvisorTestScenarios@140c9f39]" started-at="2021-02-24T23:33:14 IST" name="launchedYearValue" finished-at="2021-02-24T23:33:16 IST" duration-ms="1147" status="PASS">
          <reporter-output>
          </reporter-output>
        </test-method> <!-- launchedYearValue -->
        <test-method signature="languageValue()[pri:16, instance:testScenarios.TripAdvisorTestScenarios@140c9f39]" started-at="2021-02-24T23:33:16 IST" name="languageValue" finished-at="2021-02-24T23:33:16 IST" duration-ms="433" status="PASS">
          <reporter-output>
          </reporter-output>
        </test-method> <!-- languageValue -->
        <test-method is-config="true" signature="closeBrowser()[pri:0, instance:testScenarios.TripAdvisorTestScenarios@140c9f39]" started-at="2021-02-24T23:33:16 IST" name="closeBrowser" finished-at="2021-02-24T23:33:19 IST" duration-ms="3155" status="PASS">
          <reporter-output>
          </reporter-output>
        </test-method> <!-- closeBrowser -->
      </class> <!-- testScenarios.TripAdvisorTestScenarios -->
    </test> <!-- Regression Test Two -->
  </suite> <!-- Functional Testing -->
</testng-results>
