<?xml version="1.0" encoding="UTF-8"?>
<!-- Generated by org.testng.reporters.JUnitXMLReporter -->
<testsuite ignored="12" hostname="LAPTOP-MS3K04SB" failures="0" tests="5" name="Smoke Test One" time="79.435" errors="0" timestamp="2021-02-24T23:32:06 IST">
  <testcase classname="testScenarios.TripAdvisorTestScenarios" name="readData" time="21.88"/>
  <testcase classname="testScenarios.TripAdvisorTestScenarios" name="selectDestination" time="28.323"/>
  <testcase classname="testScenarios.TripAdvisorTestScenarios" name="checkInDate" time="3.13"/>
  <testcase classname="testScenarios.TripAdvisorTestScenarios" name="checkOutDate" time="0.59"/>
  <testcase classname="testScenarios.TripAdvisorTestScenarios" name="setGuest" time="1.213"/>
  <testcase classname="testScenarios.TripAdvisorTestScenarios" name="PassengerCrewValue" time="0.0">
    <ignored/>
  </testcase> <!-- PassengerCrewValue -->
  <testcase classname="testScenarios.TripAdvisorTestScenarios" name="liftAccess" time="0.0">
    <ignored/>
  </testcase> <!-- liftAccess -->
  <testcase classname="testScenarios.TripAdvisorTestScenarios" name="sortBy" time="0.0">
    <ignored/>
  </testcase> <!-- sortBy -->
  <testcase classname="testScenarios.TripAdvisorTestScenarios" name="cruiseShip" time="0.0">
    <ignored/>
  </testcase> <!-- cruiseShip -->
  <testcase classname="testScenarios.TripAdvisorTestScenarios" name="languageValue" time="0.0">
    <ignored/>
  </testcase> <!-- languageValue -->
  <testcase classname="testScenarios.TripAdvisorTestScenarios" name="cruises" time="0.0">
    <ignored/>
  </testcase> <!-- cruises -->
  <testcase classname="testScenarios.TripAdvisorTestScenarios" name="hotelNames" time="0.0">
    <ignored/>
  </testcase> <!-- hotelNames -->
  <testcase classname="testScenarios.TripAdvisorTestScenarios" name="cruiseLine" time="0.0">
    <ignored/>
  </testcase> <!-- cruiseLine -->
  <testcase classname="testScenarios.TripAdvisorTestScenarios" name="changeWindow" time="0.0">
    <ignored/>
  </testcase> <!-- changeWindow -->
  <testcase classname="testScenarios.TripAdvisorTestScenarios" name="pricePerNight" time="0.0">
    <ignored/>
  </testcase> <!-- pricePerNight -->
  <testcase classname="testScenarios.TripAdvisorTestScenarios" name="totalPrice" time="0.0">
    <ignored/>
  </testcase> <!-- totalPrice -->
  <testcase classname="testScenarios.TripAdvisorTestScenarios" name="launchedYearValue" time="0.0">
    <ignored/>
  </testcase> <!-- launchedYearValue -->
</testsuite> <!-- Smoke Test One -->
