<?xml version="1.0" encoding="UTF-8"?>
<!-- Generated by org.testng.reporters.JUnitXMLReporter -->
<testsuite ignored="13" hostname="LAPTOP-MS3K04SB" failures="0" tests="4" name="Smoke Test Two" time="26.359" errors="0" timestamp="2021-02-24T23:33:14 IST">
  <testcase classname="testScenarios.TripAdvisorTestScenarios" name="cruises" time="7.331"/>
  <testcase classname="testScenarios.TripAdvisorTestScenarios" name="cruiseLine" time="6.524"/>
  <testcase classname="testScenarios.TripAdvisorTestScenarios" name="cruiseShip" time="5.075"/>
  <testcase classname="testScenarios.TripAdvisorTestScenarios" name="changeWindow" time="7.425"/>
  <testcase classname="testScenarios.TripAdvisorTestScenarios" name="setGuest" time="0.0">
    <ignored/>
  </testcase> <!-- setGuest -->
  <testcase classname="testScenarios.TripAdvisorTestScenarios" name="checkOutDate" time="0.0">
    <ignored/>
  </testcase> <!-- checkOutDate -->
  <testcase classname="testScenarios.TripAdvisorTestScenarios" name="sortBy" time="0.0">
    <ignored/>
  </testcase> <!-- sortBy -->
  <testcase classname="testScenarios.TripAdvisorTestScenarios" name="languageValue" time="0.0">
    <ignored/>
  </testcase> <!-- languageValue -->
  <testcase classname="testScenarios.TripAdvisorTestScenarios" name="hotelNames" time="0.0">
    <ignored/>
  </testcase> <!-- hotelNames -->
  <testcase classname="testScenarios.TripAdvisorTestScenarios" name="pricePerNight" time="0.0">
    <ignored/>
  </testcase> <!-- pricePerNight -->
  <testcase classname="testScenarios.TripAdvisorTestScenarios" name="launchedYearValue" time="0.0">
    <ignored/>
  </testcase> <!-- launchedYearValue -->
  <testcase classname="testScenarios.TripAdvisorTestScenarios" name="selectDestination" time="0.0">
    <ignored/>
  </testcase> <!-- selectDestination -->
  <testcase classname="testScenarios.TripAdvisorTestScenarios" name="PassengerCrewValue" time="0.0">
    <ignored/>
  </testcase> <!-- PassengerCrewValue -->
  <testcase classname="testScenarios.TripAdvisorTestScenarios" name="liftAccess" time="0.0">
    <ignored/>
  </testcase> <!-- liftAccess -->
  <testcase classname="testScenarios.TripAdvisorTestScenarios" name="checkInDate" time="0.0">
    <ignored/>
  </testcase> <!-- checkInDate -->
  <testcase classname="testScenarios.TripAdvisorTestScenarios" name="readData" time="0.0">
    <ignored/>
  </testcase> <!-- readData -->
  <testcase classname="testScenarios.TripAdvisorTestScenarios" name="totalPrice" time="0.0">
    <ignored/>
  </testcase> <!-- totalPrice -->
</testsuite> <!-- Smoke Test Two -->
