<?xml version="1.0" encoding="UTF-8"?>
<!-- Generated by org.testng.reporters.JUnitXMLReporter -->
<testsuite ignored="0" hostname="LAPTOP-MS3K04SB" failures="0" tests="18" name="test" time="112.383" errors="0" timestamp="2021-02-23T19:58:34 IST">
  <testcase classname="testScenarios.test" name="readData" time="1.13"/>
  <testcase classname="testScenarios.test" name="selectDestination" time="32.541"/>
  <testcase classname="testScenarios.test" name="checkInDate" time="2.939"/>
  <testcase classname="testScenarios.test" name="checkOutDate" time="0.534"/>
  <testcase classname="testScenarios.test" name="setGuest" time="0.91"/>
  <testcase classname="testScenarios.test" name="sortBy" time="2.458">
    <skipped/>
  </testcase> <!-- sortBy -->
  <testcase classname="testScenarios.test" name="sortBy" time="10.724"/>
  <testcase classname="testScenarios.test" name="liftAccess" time="0.207"/>
  <testcase classname="testScenarios.test" name="hotelNames" time="5.257"/>
  <testcase classname="testScenarios.test" name="totalPrice" time="0.226"/>
  <testcase classname="testScenarios.test" name="pricePerNight" time="0.189"/>
  <testcase classname="testScenarios.test" name="cruises" time="13.85"/>
  <testcase classname="testScenarios.test" name="cruiseLine" time="3.765"/>
  <testcase classname="testScenarios.test" name="cruiseShip" time="3.545"/>
  <testcase classname="testScenarios.test" name="changeWindow" time="9.555"/>
  <testcase classname="testScenarios.test" name="PassengerCrewValue" time="0.04"/>
  <testcase classname="testScenarios.test" name="launchedYearValue" time="0.051"/>
  <testcase classname="testScenarios.test" name="languageValue" time="0.143"/>
</testsuite> <!-- test -->
