<?xml version="1.0" encoding="UTF-8"?>
<!-- Generated by org.testng.reporters.JUnitXMLReporter -->
<testsuite ignored="0" hostname="LAPTOP-MS3K04SB" failures="0" tests="13" name="Default test" time="93.699" errors="0" timestamp="2021-02-22T16:55:56 IST">
  <testcase classname="TestScenarios.test" name="selectDestination" time="19.608"/>
  <testcase classname="TestScenarios.test" name="checkInDate" time="6.994"/>
  <testcase classname="TestScenarios.test" name="checkOutDate" time="0.493"/>
  <testcase classname="TestScenarios.test" name="setGuest" time="1.465"/>
  <testcase classname="TestScenarios.test" name="sortBy" time="3.266"/>
  <testcase classname="TestScenarios.test" name="liftAccess" time="1.401"/>
  <testcase classname="TestScenarios.test" name="cruises" time="16.667"/>
  <testcase classname="TestScenarios.test" name="cruiseLine" time="4.693"/>
  <testcase classname="TestScenarios.test" name="cruiseShip" time="3.952"/>
  <testcase classname="TestScenarios.test" name="changeWindow" time="14.681"/>
  <testcase classname="TestScenarios.test" name="PassengerCrewValue" time="0.043"/>
  <testcase classname="TestScenarios.test" name="launchedYearValue" time="0.049"/>
  <testcase classname="TestScenarios.test" name="languageValue" time="0.381"/>
</testsuite> <!-- Default test -->
