<?xml version="1.0" encoding="UTF-8"?>
<!-- Generated by org.testng.reporters.JUnitXMLReporter -->
<testsuite ignored="12" hostname="LAPTOP-MS3K04SB" failures="0" tests="5" name="Regression Test One" time="47.896" errors="0" timestamp="2021-02-24T21:11:01 IST">
  <testcase classname="testScenarios.TripAdvisorTestScenarios" name="sortBy" time="11.598"/>
  <testcase classname="testScenarios.TripAdvisorTestScenarios" name="liftAccess" time="4.559"/>
  <testcase classname="testScenarios.TripAdvisorTestScenarios" name="hotelNames" time="28.218"/>
  <testcase classname="testScenarios.TripAdvisorTestScenarios" name="totalPrice" time="1.048"/>
  <testcase classname="testScenarios.TripAdvisorTestScenarios" name="pricePerNight" time="2.436"/>
  <testcase classname="testScenarios.TripAdvisorTestScenarios" name="setGuest" time="0.0">
    <ignored/>
  </testcase> <!-- setGuest -->
  <testcase classname="testScenarios.TripAdvisorTestScenarios" name="PassengerCrewValue" time="0.0">
    <ignored/>
  </testcase> <!-- PassengerCrewValue -->
  <testcase classname="testScenarios.TripAdvisorTestScenarios" name="checkOutDate" time="0.0">
    <ignored/>
  </testcase> <!-- checkOutDate -->
  <testcase classname="testScenarios.TripAdvisorTestScenarios" name="cruiseShip" time="0.0">
    <ignored/>
  </testcase> <!-- cruiseShip -->
  <testcase classname="testScenarios.TripAdvisorTestScenarios" name="checkInDate" time="0.0">
    <ignored/>
  </testcase> <!-- checkInDate -->
  <testcase classname="testScenarios.TripAdvisorTestScenarios" name="languageValue" time="0.0">
    <ignored/>
  </testcase> <!-- languageValue -->
  <testcase classname="testScenarios.TripAdvisorTestScenarios" name="cruises" time="0.0">
    <ignored/>
  </testcase> <!-- cruises -->
  <testcase classname="testScenarios.TripAdvisorTestScenarios" name="cruiseLine" time="0.0">
    <ignored/>
  </testcase> <!-- cruiseLine -->
  <testcase classname="testScenarios.TripAdvisorTestScenarios" name="changeWindow" time="0.0">
    <ignored/>
  </testcase> <!-- changeWindow -->
  <testcase classname="testScenarios.TripAdvisorTestScenarios" name="readData" time="0.0">
    <ignored/>
  </testcase> <!-- readData -->
  <testcase classname="testScenarios.TripAdvisorTestScenarios" name="launchedYearValue" time="0.0">
    <ignored/>
  </testcase> <!-- launchedYearValue -->
  <testcase classname="testScenarios.TripAdvisorTestScenarios" name="selectDestination" time="0.0">
    <ignored/>
  </testcase> <!-- selectDestination -->
</testsuite> <!-- Regression Test One -->
