<?xml version="1.0" encoding="UTF-8"?>
<!-- Generated by org.testng.reporters.JUnitXMLReporter -->
<testsuite ignored="12" hostname="LAPTOP-MS3K04SB" failures="0" tests="5" name="Smoke Test One" time="51.317" errors="0" timestamp="2021-02-23T20:20:15 IST">
  <testcase classname="testScenarios.TripAdvisorTestScenarios" name="readData" time="1.506"/>
  <testcase classname="testScenarios.TripAdvisorTestScenarios" name="selectDestination" time="26.414"/>
  <testcase classname="testScenarios.TripAdvisorTestScenarios" name="checkInDate" time="2.286"/>
  <testcase classname="testScenarios.TripAdvisorTestScenarios" name="checkOutDate" time="0.588"/>
  <testcase classname="testScenarios.TripAdvisorTestScenarios" name="setGuest" time="0.737"/>
  <testcase classname="testScenarios.TripAdvisorTestScenarios" name="PassengerCrewValue" time="0.0">
    <ignored/>
  </testcase> <!-- PassengerCrewValue -->
  <testcase classname="testScenarios.TripAdvisorTestScenarios" name="liftAccess" time="0.0">
    <ignored/>
  </testcase> <!-- liftAccess -->
  <testcase classname="testScenarios.TripAdvisorTestScenarios" name="sortBy" time="0.0">
    <ignored/>
  </testcase> <!-- sortBy -->
  <testcase classname="testScenarios.TripAdvisorTestScenarios" name="cruiseShip" time="0.0">
    <ignored/>
  </testcase> <!-- cruiseShip -->
  <testcase classname="testScenarios.TripAdvisorTestScenarios" name="languageValue" time="0.0">
    <ignored/>
  </testcase> <!-- languageValue -->
  <testcase classname="testScenarios.TripAdvisorTestScenarios" name="cruises" time="0.0">
    <ignored/>
  </testcase> <!-- cruises -->
  <testcase classname="testScenarios.TripAdvisorTestScenarios" name="hotelNames" time="0.0">
    <ignored/>
  </testcase> <!-- hotelNames -->
  <testcase classname="testScenarios.TripAdvisorTestScenarios" name="cruiseLine" time="0.0">
    <ignored/>
  </testcase> <!-- cruiseLine -->
  <testcase classname="testScenarios.TripAdvisorTestScenarios" name="changeWindow" time="0.0">
    <ignored/>
  </testcase> <!-- changeWindow -->
  <testcase classname="testScenarios.TripAdvisorTestScenarios" name="pricePerNight" time="0.0">
    <ignored/>
  </testcase> <!-- pricePerNight -->
  <testcase classname="testScenarios.TripAdvisorTestScenarios" name="totalPrice" time="0.0">
    <ignored/>
  </testcase> <!-- totalPrice -->
  <testcase classname="testScenarios.TripAdvisorTestScenarios" name="launchedYearValue" time="0.0">
    <ignored/>
  </testcase> <!-- launchedYearValue -->
</testsuite> <!-- Smoke Test One -->
